<?xml version="1.0" encoding="UTF-8"?>
<!-- Generated by org.testng.reporters.JUnitReportReporter -->
<testsuite hostname="Mahesh-13" failures="0" tests="2" name="jenkins.MyProject" time="12.168" errors="0" timestamp="28 Jan 2022 11:04:40 GMT">
  <testcase classname="jenkins.MyProject" name="logouttest" time="7.047"/>
  <testcase classname="jenkins.MyProject" name="logintest" time="5.121"/>
</testsuite> <!-- jenkins.MyProject -->
