<?xml version="1.0" encoding="UTF-8"?>
<!-- Generated by org.testng.reporters.JUnitReportReporter -->
<testsuite hostname="Mahesh-13" failures="0" tests="2" name="jenkins.MyProject" time="11.851" errors="0" timestamp="2022-01-28T18:27:22 IST" skipped="0">
  <testcase classname="jenkins.MyProject" name="logintest" time="5.164"/>
  <system-out/>
  <testcase classname="jenkins.MyProject" name="logouttest" time="6.687"/>
  <system-out/>
</testsuite> <!-- jenkins.MyProject -->
